-------------------------------------------------------------------------------
Test set: com.michael.bookclub.BookClubApplicationTests
-------------------------------------------------------------------------------
Tests run: 1, Failures: 0, Errors: 1, Skipped: 0, Time elapsed: 4.315 s <<< FAILURE! - in com.michael.bookclub.BookClubApplicationTests
contextLoads  Time elapsed: 0.019 s  <<< ERROR!
java.lang.IllegalStateException: Failed to load ApplicationContext
Caused by: org.springframework.beans.factory.BeanCreationException: Error creating bean with name 'entityManagerFactory' defined in class path resource [org/springframework/boot/autoconfigure/orm/jpa/HibernateJpaConfiguration.class]: Invocation of init method failed; nested exception is org.hibernate.AnnotationException: mappedBy reference an unknown target entity property: com.michael.bookclub.models.Book.book in com.michael.bookclub.models.User.books
Caused by: org.hibernate.AnnotationException: mappedBy reference an unknown target entity property: com.michael.bookclub.models.Book.book in com.michael.bookclub.models.User.books

